  317254523_MainPF_GPO6.cpp
D:\Semestre7\ComputoGrafico\ProyectoFinal\Proyecto-ColonRoldan-ComputacionGrafica\ProyectoFinal\ProyectoFinal\modelAnim.h(104,44): warning C4244: '=': conversión de 'double' a 'float'; posible pérdida de datos
D:\Semestre7\ComputoGrafico\ProyectoFinal\Proyecto-ColonRoldan-ComputacionGrafica\ProyectoFinal\ProyectoFinal\modelAnim.h(519,24): warning C4244: 'inicializando': conversión de 'double' a 'float'; posible pérdida de datos
D:\Semestre7\ComputoGrafico\ProyectoFinal\Proyecto-ColonRoldan-ComputacionGrafica\ProyectoFinal\ProyectoFinal\317254523_MainPF_GPO6.cpp(373,27): warning C4305: '=': truncamiento de 'double' a 'float'
D:\Semestre7\ComputoGrafico\ProyectoFinal\Proyecto-ColonRoldan-ComputacionGrafica\ProyectoFinal\ProyectoFinal\317254523_MainPF_GPO6.cpp(403,31): warning C4305: '=': truncamiento de 'double' a 'float'
D:\Semestre7\ComputoGrafico\ProyectoFinal\Proyecto-ColonRoldan-ComputacionGrafica\ProyectoFinal\ProyectoFinal\317254523_MainPF_GPO6.cpp(408,31): warning C4305: '=': truncamiento de 'double' a 'float'
D:\Semestre7\ComputoGrafico\ProyectoFinal\Proyecto-ColonRoldan-ComputacionGrafica\ProyectoFinal\ProyectoFinal\317254523_MainPF_GPO6.cpp(409,31): warning C4305: '=': truncamiento de 'double' a 'float'
D:\Semestre7\ComputoGrafico\ProyectoFinal\Proyecto-ColonRoldan-ComputacionGrafica\ProyectoFinal\ProyectoFinal\317254523_MainPF_GPO6.cpp(412,31): warning C4305: '=': truncamiento de 'double' a 'float'
D:\Semestre7\ComputoGrafico\ProyectoFinal\Proyecto-ColonRoldan-ComputacionGrafica\ProyectoFinal\ProyectoFinal\317254523_MainPF_GPO6.cpp(413,31): warning C4305: '=': truncamiento de 'double' a 'float'
D:\Semestre7\ComputoGrafico\ProyectoFinal\Proyecto-ColonRoldan-ComputacionGrafica\ProyectoFinal\ProyectoFinal\317254523_MainPF_GPO6.cpp(414,36): warning C4305: '=': truncamiento de 'double' a 'float'
D:\Semestre7\ComputoGrafico\ProyectoFinal\Proyecto-ColonRoldan-ComputacionGrafica\ProyectoFinal\ProyectoFinal\317254523_MainPF_GPO6.cpp(417,30): warning C4305: '=': truncamiento de 'double' a 'float'
D:\Semestre7\ComputoGrafico\ProyectoFinal\Proyecto-ColonRoldan-ComputacionGrafica\ProyectoFinal\ProyectoFinal\317254523_MainPF_GPO6.cpp(418,30): warning C4305: '=': truncamiento de 'double' a 'float'
D:\Semestre7\ComputoGrafico\ProyectoFinal\Proyecto-ColonRoldan-ComputacionGrafica\ProyectoFinal\ProyectoFinal\317254523_MainPF_GPO6.cpp(419,36): warning C4305: '=': truncamiento de 'double' a 'float'
D:\Semestre7\ComputoGrafico\ProyectoFinal\Proyecto-ColonRoldan-ComputacionGrafica\ProyectoFinal\ProyectoFinal\317254523_MainPF_GPO6.cpp(452,33): warning C4305: '=': truncamiento de 'double' a 'float'
D:\Semestre7\ComputoGrafico\ProyectoFinal\Proyecto-ColonRoldan-ComputacionGrafica\ProyectoFinal\ProyectoFinal\317254523_MainPF_GPO6.cpp(453,33): warning C4305: '=': truncamiento de 'double' a 'float'
D:\Semestre7\ComputoGrafico\ProyectoFinal\Proyecto-ColonRoldan-ComputacionGrafica\ProyectoFinal\ProyectoFinal\317254523_MainPF_GPO6.cpp(458,33): warning C4305: '=': truncamiento de 'double' a 'float'
D:\Semestre7\ComputoGrafico\ProyectoFinal\Proyecto-ColonRoldan-ComputacionGrafica\ProyectoFinal\ProyectoFinal\317254523_MainPF_GPO6.cpp(459,33): warning C4305: '=': truncamiento de 'double' a 'float'
D:\Semestre7\ComputoGrafico\ProyectoFinal\Proyecto-ColonRoldan-ComputacionGrafica\ProyectoFinal\ProyectoFinal\317254523_MainPF_GPO6.cpp(670,24): warning C4244: 'inicializando': conversión de 'double' a 'GLfloat'; posible pérdida de datos
D:\Semestre7\ComputoGrafico\ProyectoFinal\Proyecto-ColonRoldan-ComputacionGrafica\ProyectoFinal\ProyectoFinal\317254523_MainPF_GPO6.cpp(715,22): warning C4244: '=': conversión de 'double' a 'T'; posible pérdida de datos
          with
          [
              T=float
          ]
D:\Semestre7\ComputoGrafico\ProyectoFinal\Proyecto-ColonRoldan-ComputacionGrafica\ProyectoFinal\ProyectoFinal\317254523_MainPF_GPO6.cpp(716,22): warning C4244: '=': conversión de 'double' a 'T'; posible pérdida de datos
          with
          [
              T=float
          ]
D:\Semestre7\ComputoGrafico\ProyectoFinal\Proyecto-ColonRoldan-ComputacionGrafica\ProyectoFinal\ProyectoFinal\317254523_MainPF_GPO6.cpp(717,23): warning C4244: '=': conversión de 'double' a 'T'; posible pérdida de datos
          with
          [
              T=float
          ]
D:\Semestre7\ComputoGrafico\ProyectoFinal\Proyecto-ColonRoldan-ComputacionGrafica\ProyectoFinal\ProyectoFinal\317254523_MainPF_GPO6.cpp(750,22): warning C4244: '=': conversión de 'double' a 'T'; posible pérdida de datos
          with
          [
              T=float
          ]
D:\Semestre7\ComputoGrafico\ProyectoFinal\Proyecto-ColonRoldan-ComputacionGrafica\ProyectoFinal\ProyectoFinal\317254523_MainPF_GPO6.cpp(751,22): warning C4244: '=': conversión de 'double' a 'T'; posible pérdida de datos
          with
          [
              T=float
          ]
D:\Semestre7\ComputoGrafico\ProyectoFinal\Proyecto-ColonRoldan-ComputacionGrafica\ProyectoFinal\ProyectoFinal\317254523_MainPF_GPO6.cpp(752,22): warning C4244: '=': conversión de 'double' a 'T'; posible pérdida de datos
          with
          [
              T=float
          ]
D:\Semestre7\ComputoGrafico\ProyectoFinal\Proyecto-ColonRoldan-ComputacionGrafica\ProyectoFinal\ProyectoFinal\317254523_MainPF_GPO6.cpp(764,22): warning C4244: '=': conversión de 'double' a 'T'; posible pérdida de datos
          with
          [
              T=float
          ]
D:\Semestre7\ComputoGrafico\ProyectoFinal\Proyecto-ColonRoldan-ComputacionGrafica\ProyectoFinal\ProyectoFinal\317254523_MainPF_GPO6.cpp(765,22): warning C4244: '=': conversión de 'double' a 'T'; posible pérdida de datos
          with
          [
              T=float
          ]
D:\Semestre7\ComputoGrafico\ProyectoFinal\Proyecto-ColonRoldan-ComputacionGrafica\ProyectoFinal\ProyectoFinal\317254523_MainPF_GPO6.cpp(766,22): warning C4244: '=': conversión de 'double' a 'T'; posible pérdida de datos
          with
          [
              T=float
          ]
D:\Semestre7\ComputoGrafico\ProyectoFinal\Proyecto-ColonRoldan-ComputacionGrafica\ProyectoFinal\ProyectoFinal\317254523_MainPF_GPO6.cpp(1419,26): warning C4244: '=': conversión de 'double' a 'float'; posible pérdida de datos
D:\Semestre7\ComputoGrafico\ProyectoFinal\Proyecto-ColonRoldan-ComputacionGrafica\ProyectoFinal\ProyectoFinal\317254523_MainPF_GPO6.cpp(1537,21): warning C4305: '-=': truncamiento de 'double' a 'float'
D:\Semestre7\ComputoGrafico\ProyectoFinal\Proyecto-ColonRoldan-ComputacionGrafica\ProyectoFinal\ProyectoFinal\317254523_MainPF_GPO6.cpp(1538,21): warning C4305: '+=': truncamiento de 'double' a 'float'
D:\Semestre7\ComputoGrafico\ProyectoFinal\Proyecto-ColonRoldan-ComputacionGrafica\ProyectoFinal\ProyectoFinal\317254523_MainPF_GPO6.cpp(1549,21): warning C4305: '+=': truncamiento de 'double' a 'float'
D:\Semestre7\ComputoGrafico\ProyectoFinal\Proyecto-ColonRoldan-ComputacionGrafica\ProyectoFinal\ProyectoFinal\317254523_MainPF_GPO6.cpp(1550,21): warning C4305: '-=': truncamiento de 'double' a 'float'
D:\Semestre7\ComputoGrafico\ProyectoFinal\Proyecto-ColonRoldan-ComputacionGrafica\ProyectoFinal\ProyectoFinal\317254523_MainPF_GPO6.cpp(1566,20): warning C4305: '+=': truncamiento de 'double' a 'float'
D:\Semestre7\ComputoGrafico\ProyectoFinal\Proyecto-ColonRoldan-ComputacionGrafica\ProyectoFinal\ProyectoFinal\317254523_MainPF_GPO6.cpp(1576,20): warning C4305: '-=': truncamiento de 'double' a 'float'
D:\Semestre7\ComputoGrafico\ProyectoFinal\Proyecto-ColonRoldan-ComputacionGrafica\ProyectoFinal\ProyectoFinal\317254523_MainPF_GPO6.cpp(1590,21): warning C4305: '+=': truncamiento de 'double' a 'float'
D:\Semestre7\ComputoGrafico\ProyectoFinal\Proyecto-ColonRoldan-ComputacionGrafica\ProyectoFinal\ProyectoFinal\317254523_MainPF_GPO6.cpp(1600,21): warning C4305: '-=': truncamiento de 'double' a 'float'
D:\Semestre7\ComputoGrafico\ProyectoFinal\Proyecto-ColonRoldan-ComputacionGrafica\ProyectoFinal\ProyectoFinal\317254523_MainPF_GPO6.cpp(1699,53): warning C4244: '+=': conversión de 'double' a 'float'; posible pérdida de datos
D:\Semestre7\ComputoGrafico\ProyectoFinal\Proyecto-ColonRoldan-ComputacionGrafica\ProyectoFinal\ProyectoFinal\317254523_MainPF_GPO6.cpp(1700,53): warning C4244: '+=': conversión de 'double' a 'float'; posible pérdida de datos
D:\Semestre7\ComputoGrafico\ProyectoFinal\Proyecto-ColonRoldan-ComputacionGrafica\ProyectoFinal\ProyectoFinal\317254523_MainPF_GPO6.cpp(1854,11): warning C4244: '=': conversión de 'double' a 'GLfloat'; posible pérdida de datos
D:\Semestre7\ComputoGrafico\ProyectoFinal\Proyecto-ColonRoldan-ComputacionGrafica\ProyectoFinal\ProyectoFinal\317254523_MainPF_GPO6.cpp(1855,11): warning C4244: '=': conversión de 'double' a 'GLfloat'; posible pérdida de datos
D:\Semestre7\ComputoGrafico\ProyectoFinal\Proyecto-ColonRoldan-ComputacionGrafica\ProyectoFinal\ProyectoFinal\317254523_MainPF_GPO6.cpp(1859,18): warning C4244: 'inicializando': conversión de 'double' a 'GLfloat'; posible pérdida de datos
D:\Semestre7\ComputoGrafico\ProyectoFinal\Proyecto-ColonRoldan-ComputacionGrafica\ProyectoFinal\ProyectoFinal\317254523_MainPF_GPO6.cpp(1860,18): warning C4244: 'inicializando': conversión de 'double' a 'GLfloat'; posible pérdida de datos
D:\Semestre7\ComputoGrafico\ProyectoFinal\Proyecto-ColonRoldan-ComputacionGrafica\ProyectoFinal\ProyectoFinal\317254523_MainPF_GPO6.cpp(1862,10): warning C4244: '=': conversión de 'double' a 'GLfloat'; posible pérdida de datos
D:\Semestre7\ComputoGrafico\ProyectoFinal\Proyecto-ColonRoldan-ComputacionGrafica\ProyectoFinal\ProyectoFinal\317254523_MainPF_GPO6.cpp(1863,10): warning C4244: '=': conversión de 'double' a 'GLfloat'; posible pérdida de datos
soil2-debug.lib(SOIL2.obj) : warning LNK4075: se omite '/EDITANDCONTINUE' debido a la especificación '/OPT:ICF'
LINK : warning LNK4098: la biblioteca predeterminada'MSVCRTD' entra en conflicto con otras bibliotecas; use la biblioteca /NODEFAULTLIB:biblioteca
  Generando código
  1 of 720 functions ( 0.1%) were compiled, the rest were copied from previous compilation.
    0 functions were new in current compilation
    0 functions had inline decision re-evaluated but remain unchanged
  Generación de código finalizada
soil2-debug.lib(etc1_utils.obj) : warning LNK4099: no se encontró PDB 'soil2-debug.pdb' con 'soil2-debug.lib(etc1_utils.obj)' o en 'D:\Semestre7\ComputoGrafico\ProyectoFinal\Proyecto-ColonRoldan-ComputacionGrafica\ProyectoFinal\Release\soil2-debug.pdb'; se vinculará el objeto sin tener en cuenta información de depuración
soil2-debug.lib(image_DXT.obj) : warning LNK4099: no se encontró PDB 'soil2-debug.pdb' con 'soil2-debug.lib(image_DXT.obj)' o en 'D:\Semestre7\ComputoGrafico\ProyectoFinal\Proyecto-ColonRoldan-ComputacionGrafica\ProyectoFinal\Release\soil2-debug.pdb'; se vinculará el objeto sin tener en cuenta información de depuración
soil2-debug.lib(image_helper.obj) : warning LNK4099: no se encontró PDB 'soil2-debug.pdb' con 'soil2-debug.lib(image_helper.obj)' o en 'D:\Semestre7\ComputoGrafico\ProyectoFinal\Proyecto-ColonRoldan-ComputacionGrafica\ProyectoFinal\Release\soil2-debug.pdb'; se vinculará el objeto sin tener en cuenta información de depuración
soil2-debug.lib(SOIL2.obj) : warning LNK4099: no se encontró PDB 'soil2-debug.pdb' con 'soil2-debug.lib(SOIL2.obj)' o en 'D:\Semestre7\ComputoGrafico\ProyectoFinal\Proyecto-ColonRoldan-ComputacionGrafica\ProyectoFinal\Release\soil2-debug.pdb'; se vinculará el objeto sin tener en cuenta información de depuración
  ProyectoFinal.vcxproj -> D:\Semestre7\ComputoGrafico\ProyectoFinal\Proyecto-ColonRoldan-ComputacionGrafica\ProyectoFinal\Release\ProyectoFinal.exe
