  317254523_MainPF_GPO6.cpp
D:\Semestre7\ComputoGrafico\ProyectoFinal\Proyecto-ColonRoldan-ComputacionGrafica\ProyectoFinal\ProyectoFinal\modelAnim.h(104,44): warning C4244: '=': conversión de 'double' a 'float'; posible pérdida de datos
D:\Semestre7\ComputoGrafico\ProyectoFinal\Proyecto-ColonRoldan-ComputacionGrafica\ProyectoFinal\ProyectoFinal\modelAnim.h(519,24): warning C4244: 'inicializando': conversión de 'double' a 'float'; posible pérdida de datos
D:\Semestre7\ComputoGrafico\ProyectoFinal\Proyecto-ColonRoldan-ComputacionGrafica\ProyectoFinal\ProyectoFinal\317254523_MainPF_GPO6.cpp(363,27): warning C4305: '=': truncamiento de 'double' a 'float'
D:\Semestre7\ComputoGrafico\ProyectoFinal\Proyecto-ColonRoldan-ComputacionGrafica\ProyectoFinal\ProyectoFinal\317254523_MainPF_GPO6.cpp(393,31): warning C4305: '=': truncamiento de 'double' a 'float'
D:\Semestre7\ComputoGrafico\ProyectoFinal\Proyecto-ColonRoldan-ComputacionGrafica\ProyectoFinal\ProyectoFinal\317254523_MainPF_GPO6.cpp(398,31): warning C4305: '=': truncamiento de 'double' a 'float'
D:\Semestre7\ComputoGrafico\ProyectoFinal\Proyecto-ColonRoldan-ComputacionGrafica\ProyectoFinal\ProyectoFinal\317254523_MainPF_GPO6.cpp(399,31): warning C4305: '=': truncamiento de 'double' a 'float'
D:\Semestre7\ComputoGrafico\ProyectoFinal\Proyecto-ColonRoldan-ComputacionGrafica\ProyectoFinal\ProyectoFinal\317254523_MainPF_GPO6.cpp(402,31): warning C4305: '=': truncamiento de 'double' a 'float'
D:\Semestre7\ComputoGrafico\ProyectoFinal\Proyecto-ColonRoldan-ComputacionGrafica\ProyectoFinal\ProyectoFinal\317254523_MainPF_GPO6.cpp(403,31): warning C4305: '=': truncamiento de 'double' a 'float'
D:\Semestre7\ComputoGrafico\ProyectoFinal\Proyecto-ColonRoldan-ComputacionGrafica\ProyectoFinal\ProyectoFinal\317254523_MainPF_GPO6.cpp(404,36): warning C4305: '=': truncamiento de 'double' a 'float'
D:\Semestre7\ComputoGrafico\ProyectoFinal\Proyecto-ColonRoldan-ComputacionGrafica\ProyectoFinal\ProyectoFinal\317254523_MainPF_GPO6.cpp(407,30): warning C4305: '=': truncamiento de 'double' a 'float'
D:\Semestre7\ComputoGrafico\ProyectoFinal\Proyecto-ColonRoldan-ComputacionGrafica\ProyectoFinal\ProyectoFinal\317254523_MainPF_GPO6.cpp(408,30): warning C4305: '=': truncamiento de 'double' a 'float'
D:\Semestre7\ComputoGrafico\ProyectoFinal\Proyecto-ColonRoldan-ComputacionGrafica\ProyectoFinal\ProyectoFinal\317254523_MainPF_GPO6.cpp(409,36): warning C4305: '=': truncamiento de 'double' a 'float'
D:\Semestre7\ComputoGrafico\ProyectoFinal\Proyecto-ColonRoldan-ComputacionGrafica\ProyectoFinal\ProyectoFinal\317254523_MainPF_GPO6.cpp(442,33): warning C4305: '=': truncamiento de 'double' a 'float'
D:\Semestre7\ComputoGrafico\ProyectoFinal\Proyecto-ColonRoldan-ComputacionGrafica\ProyectoFinal\ProyectoFinal\317254523_MainPF_GPO6.cpp(443,33): warning C4305: '=': truncamiento de 'double' a 'float'
D:\Semestre7\ComputoGrafico\ProyectoFinal\Proyecto-ColonRoldan-ComputacionGrafica\ProyectoFinal\ProyectoFinal\317254523_MainPF_GPO6.cpp(448,33): warning C4305: '=': truncamiento de 'double' a 'float'
D:\Semestre7\ComputoGrafico\ProyectoFinal\Proyecto-ColonRoldan-ComputacionGrafica\ProyectoFinal\ProyectoFinal\317254523_MainPF_GPO6.cpp(449,33): warning C4305: '=': truncamiento de 'double' a 'float'
D:\Semestre7\ComputoGrafico\ProyectoFinal\Proyecto-ColonRoldan-ComputacionGrafica\ProyectoFinal\ProyectoFinal\317254523_MainPF_GPO6.cpp(659,24): warning C4244: 'inicializando': conversión de 'double' a 'GLfloat'; posible pérdida de datos
D:\Semestre7\ComputoGrafico\ProyectoFinal\Proyecto-ColonRoldan-ComputacionGrafica\ProyectoFinal\ProyectoFinal\317254523_MainPF_GPO6.cpp(705,22): warning C4244: '=': conversión de 'double' a 'T'; posible pérdida de datos
          with
          [
              T=float
          ]
D:\Semestre7\ComputoGrafico\ProyectoFinal\Proyecto-ColonRoldan-ComputacionGrafica\ProyectoFinal\ProyectoFinal\317254523_MainPF_GPO6.cpp(706,22): warning C4244: '=': conversión de 'double' a 'T'; posible pérdida de datos
          with
          [
              T=float
          ]
D:\Semestre7\ComputoGrafico\ProyectoFinal\Proyecto-ColonRoldan-ComputacionGrafica\ProyectoFinal\ProyectoFinal\317254523_MainPF_GPO6.cpp(707,23): warning C4244: '=': conversión de 'double' a 'T'; posible pérdida de datos
          with
          [
              T=float
          ]
D:\Semestre7\ComputoGrafico\ProyectoFinal\Proyecto-ColonRoldan-ComputacionGrafica\ProyectoFinal\ProyectoFinal\317254523_MainPF_GPO6.cpp(740,22): warning C4244: '=': conversión de 'double' a 'T'; posible pérdida de datos
          with
          [
              T=float
          ]
D:\Semestre7\ComputoGrafico\ProyectoFinal\Proyecto-ColonRoldan-ComputacionGrafica\ProyectoFinal\ProyectoFinal\317254523_MainPF_GPO6.cpp(741,22): warning C4244: '=': conversión de 'double' a 'T'; posible pérdida de datos
          with
          [
              T=float
          ]
D:\Semestre7\ComputoGrafico\ProyectoFinal\Proyecto-ColonRoldan-ComputacionGrafica\ProyectoFinal\ProyectoFinal\317254523_MainPF_GPO6.cpp(742,22): warning C4244: '=': conversión de 'double' a 'T'; posible pérdida de datos
          with
          [
              T=float
          ]
D:\Semestre7\ComputoGrafico\ProyectoFinal\Proyecto-ColonRoldan-ComputacionGrafica\ProyectoFinal\ProyectoFinal\317254523_MainPF_GPO6.cpp(754,22): warning C4244: '=': conversión de 'double' a 'T'; posible pérdida de datos
          with
          [
              T=float
          ]
D:\Semestre7\ComputoGrafico\ProyectoFinal\Proyecto-ColonRoldan-ComputacionGrafica\ProyectoFinal\ProyectoFinal\317254523_MainPF_GPO6.cpp(755,22): warning C4244: '=': conversión de 'double' a 'T'; posible pérdida de datos
          with
          [
              T=float
          ]
D:\Semestre7\ComputoGrafico\ProyectoFinal\Proyecto-ColonRoldan-ComputacionGrafica\ProyectoFinal\ProyectoFinal\317254523_MainPF_GPO6.cpp(756,22): warning C4244: '=': conversión de 'double' a 'T'; posible pérdida de datos
          with
          [
              T=float
          ]
D:\Semestre7\ComputoGrafico\ProyectoFinal\Proyecto-ColonRoldan-ComputacionGrafica\ProyectoFinal\ProyectoFinal\317254523_MainPF_GPO6.cpp(1389,26): warning C4244: '=': conversión de 'double' a 'float'; posible pérdida de datos
D:\Semestre7\ComputoGrafico\ProyectoFinal\Proyecto-ColonRoldan-ComputacionGrafica\ProyectoFinal\ProyectoFinal\317254523_MainPF_GPO6.cpp(1507,21): warning C4305: '-=': truncamiento de 'double' a 'float'
D:\Semestre7\ComputoGrafico\ProyectoFinal\Proyecto-ColonRoldan-ComputacionGrafica\ProyectoFinal\ProyectoFinal\317254523_MainPF_GPO6.cpp(1508,21): warning C4305: '+=': truncamiento de 'double' a 'float'
D:\Semestre7\ComputoGrafico\ProyectoFinal\Proyecto-ColonRoldan-ComputacionGrafica\ProyectoFinal\ProyectoFinal\317254523_MainPF_GPO6.cpp(1519,21): warning C4305: '+=': truncamiento de 'double' a 'float'
D:\Semestre7\ComputoGrafico\ProyectoFinal\Proyecto-ColonRoldan-ComputacionGrafica\ProyectoFinal\ProyectoFinal\317254523_MainPF_GPO6.cpp(1520,21): warning C4305: '-=': truncamiento de 'double' a 'float'
D:\Semestre7\ComputoGrafico\ProyectoFinal\Proyecto-ColonRoldan-ComputacionGrafica\ProyectoFinal\ProyectoFinal\317254523_MainPF_GPO6.cpp(1536,20): warning C4305: '+=': truncamiento de 'double' a 'float'
D:\Semestre7\ComputoGrafico\ProyectoFinal\Proyecto-ColonRoldan-ComputacionGrafica\ProyectoFinal\ProyectoFinal\317254523_MainPF_GPO6.cpp(1546,20): warning C4305: '-=': truncamiento de 'double' a 'float'
D:\Semestre7\ComputoGrafico\ProyectoFinal\Proyecto-ColonRoldan-ComputacionGrafica\ProyectoFinal\ProyectoFinal\317254523_MainPF_GPO6.cpp(1560,21): warning C4305: '+=': truncamiento de 'double' a 'float'
D:\Semestre7\ComputoGrafico\ProyectoFinal\Proyecto-ColonRoldan-ComputacionGrafica\ProyectoFinal\ProyectoFinal\317254523_MainPF_GPO6.cpp(1570,21): warning C4305: '-=': truncamiento de 'double' a 'float'
D:\Semestre7\ComputoGrafico\ProyectoFinal\Proyecto-ColonRoldan-ComputacionGrafica\ProyectoFinal\ProyectoFinal\317254523_MainPF_GPO6.cpp(1668,53): warning C4244: '+=': conversión de 'double' a 'float'; posible pérdida de datos
D:\Semestre7\ComputoGrafico\ProyectoFinal\Proyecto-ColonRoldan-ComputacionGrafica\ProyectoFinal\ProyectoFinal\317254523_MainPF_GPO6.cpp(1669,53): warning C4244: '+=': conversión de 'double' a 'float'; posible pérdida de datos
D:\Semestre7\ComputoGrafico\ProyectoFinal\Proyecto-ColonRoldan-ComputacionGrafica\ProyectoFinal\ProyectoFinal\317254523_MainPF_GPO6.cpp(1824,11): warning C4244: '=': conversión de 'double' a 'GLfloat'; posible pérdida de datos
D:\Semestre7\ComputoGrafico\ProyectoFinal\Proyecto-ColonRoldan-ComputacionGrafica\ProyectoFinal\ProyectoFinal\317254523_MainPF_GPO6.cpp(1825,11): warning C4244: '=': conversión de 'double' a 'GLfloat'; posible pérdida de datos
D:\Semestre7\ComputoGrafico\ProyectoFinal\Proyecto-ColonRoldan-ComputacionGrafica\ProyectoFinal\ProyectoFinal\317254523_MainPF_GPO6.cpp(1829,18): warning C4244: 'inicializando': conversión de 'double' a 'GLfloat'; posible pérdida de datos
D:\Semestre7\ComputoGrafico\ProyectoFinal\Proyecto-ColonRoldan-ComputacionGrafica\ProyectoFinal\ProyectoFinal\317254523_MainPF_GPO6.cpp(1830,18): warning C4244: 'inicializando': conversión de 'double' a 'GLfloat'; posible pérdida de datos
D:\Semestre7\ComputoGrafico\ProyectoFinal\Proyecto-ColonRoldan-ComputacionGrafica\ProyectoFinal\ProyectoFinal\317254523_MainPF_GPO6.cpp(1832,10): warning C4244: '=': conversión de 'double' a 'GLfloat'; posible pérdida de datos
D:\Semestre7\ComputoGrafico\ProyectoFinal\Proyecto-ColonRoldan-ComputacionGrafica\ProyectoFinal\ProyectoFinal\317254523_MainPF_GPO6.cpp(1833,10): warning C4244: '=': conversión de 'double' a 'GLfloat'; posible pérdida de datos
  ProyectoFinal.vcxproj -> D:\Semestre7\ComputoGrafico\ProyectoFinal\Proyecto-ColonRoldan-ComputacionGrafica\ProyectoFinal\Debug\ProyectoFinal.exe
